  Animator.cpp
C:\Users\anubh\source\repos\SuperMario\SuperMario\Animator.cpp(14,39): warning C4244: '=': conversion from 'float' to 'T', possible loss of data
C:\Users\anubh\source\repos\SuperMario\SuperMario\Animator.cpp(14,39): warning C4244:         with
C:\Users\anubh\source\repos\SuperMario\SuperMario\Animator.cpp(14,39): warning C4244:         [
C:\Users\anubh\source\repos\SuperMario\SuperMario\Animator.cpp(14,39): warning C4244:             T=int
C:\Users\anubh\source\repos\SuperMario\SuperMario\Animator.cpp(14,39): warning C4244:         ]
C:\Users\anubh\source\repos\SuperMario\SuperMario\Animator.cpp(15,39): warning C4244: '=': conversion from 'float' to 'T', possible loss of data
C:\Users\anubh\source\repos\SuperMario\SuperMario\Animator.cpp(15,39): warning C4244:         with
C:\Users\anubh\source\repos\SuperMario\SuperMario\Animator.cpp(15,39): warning C4244:         [
C:\Users\anubh\source\repos\SuperMario\SuperMario\Animator.cpp(15,39): warning C4244:             T=int
C:\Users\anubh\source\repos\SuperMario\SuperMario\Animator.cpp(15,39): warning C4244:         ]
  Block.cpp
C:\Users\anubh\source\repos\SuperMario\SuperMario\Block.cpp(10,24): warning C4244: '=': conversion from 'T' to 'T', possible loss of data
C:\Users\anubh\source\repos\SuperMario\SuperMario\Block.cpp(10,24): warning C4244:         with
C:\Users\anubh\source\repos\SuperMario\SuperMario\Block.cpp(10,24): warning C4244:         [
C:\Users\anubh\source\repos\SuperMario\SuperMario\Block.cpp(10,24): warning C4244:             T=float
C:\Users\anubh\source\repos\SuperMario\SuperMario\Block.cpp(10,24): warning C4244:         ]
C:\Users\anubh\source\repos\SuperMario\SuperMario\Block.cpp(10,24): warning C4244:         and
C:\Users\anubh\source\repos\SuperMario\SuperMario\Block.cpp(10,24): warning C4244:         [
C:\Users\anubh\source\repos\SuperMario\SuperMario\Block.cpp(10,24): warning C4244:             T=int
C:\Users\anubh\source\repos\SuperMario\SuperMario\Block.cpp(10,24): warning C4244:         ]
C:\Users\anubh\source\repos\SuperMario\SuperMario\Block.cpp(11,25): warning C4244: '=': conversion from 'T' to 'T', possible loss of data
C:\Users\anubh\source\repos\SuperMario\SuperMario\Block.cpp(11,25): warning C4244:         with
C:\Users\anubh\source\repos\SuperMario\SuperMario\Block.cpp(11,25): warning C4244:         [
C:\Users\anubh\source\repos\SuperMario\SuperMario\Block.cpp(11,25): warning C4244:             T=float
C:\Users\anubh\source\repos\SuperMario\SuperMario\Block.cpp(11,25): warning C4244:         ]
C:\Users\anubh\source\repos\SuperMario\SuperMario\Block.cpp(11,25): warning C4244:         and
C:\Users\anubh\source\repos\SuperMario\SuperMario\Block.cpp(11,25): warning C4244:         [
C:\Users\anubh\source\repos\SuperMario\SuperMario\Block.cpp(11,25): warning C4244:             T=int
C:\Users\anubh\source\repos\SuperMario\SuperMario\Block.cpp(11,25): warning C4244:         ]
  Collider.cpp
  Goomba.cpp
  Main.cpp
C:\Users\anubh\source\repos\SuperMario\SuperMario\Main.cpp(31,15): warning C4244: 'argument': conversion from 'time_t' to 'unsigned int', possible loss of data
  MapManager.cpp
C:\Users\anubh\source\repos\SuperMario\SuperMario\MapManager.cpp(30,20): warning C4018: '<': signed/unsigned mismatch
C:\Users\anubh\source\repos\SuperMario\SuperMario\MapManager.cpp(32,21): warning C4018: '<': signed/unsigned mismatch
C:\Users\anubh\source\repos\SuperMario\SuperMario\MapManager.cpp(52,20): warning C4018: '<': signed/unsigned mismatch
C:\Users\anubh\source\repos\SuperMario\SuperMario\MapManager.cpp(53,21): warning C4018: '<': signed/unsigned mismatch
C:\Users\anubh\source\repos\SuperMario\SuperMario\MapManager.cpp(140,20): warning C4018: '<': signed/unsigned mismatch
C:\Users\anubh\source\repos\SuperMario\SuperMario\MapManager.cpp(141,21): warning C4018: '<': signed/unsigned mismatch
  Player.cpp
  Generating code
  Previous IPDB was built with incompatible compiler, fall back to full compilation.
  All 452 functions were compiled because no usable IPDB/IOBJ from previous compilation was found.
  Finished generating code
  SuperMario.vcxproj -> C:\Users\anubh\source\repos\SuperMario\Release\SuperMario.exe
